../data/boost/libs/graph/doc/AddEdgeVisitor.html	https://www.boost.org/doc/libs/1_68_0/libs/graph/doc/AddEdgeVisitor.html
../data/boost/libs/graph/doc/PlanarEmbedding.html	https://www.boost.org/doc/libs/1_68_0/libs/graph/doc/PlanarEmbedding.html
../data/boost/libs/graph/doc/adjacency_iterator.html	https://www.boost.org/doc/libs/1_68_0/libs/graph/doc/adjacency_iterator.html
../data/boost/libs/graph/doc/bibliography.html	https://www.boost.org/doc/libs/1_68_0/libs/graph/doc/bibliography.html
../data/boost/libs/graph/doc/circle_layout.html	https://www.boost.org/doc/libs/1_68_0/libs/graph/doc/circle_layout.html
../data/boost/libs/graph/doc/inv_adjacency_iterator.html	https://www.boost.org/doc/libs/1_68_0/libs/graph/doc/inv_adjacency_iterator.html
../data/boost/libs/graph/doc/is_kuratowski_subgraph.html	https://www.boost.org/doc/libs/1_68_0/libs/graph/doc/is_kuratowski_subgraph.html
../data/boost/libs/graph/doc/layout_tolerance.html	https://www.boost.org/doc/libs/1_68_0/libs/graph/doc/layout_tolerance.html
../data/boost/libs/graph/doc/maximum_matching.html	https://www.boost.org/doc/libs/1_68_0/libs/graph/doc/maximum_matching.html
../data/boost/libs/graph/doc/planar_canonical_ordering.html	https://www.boost.org/doc/libs/1_68_0/libs/graph/doc/planar_canonical_ordering.html
../data/boost/libs/graph/doc/quick_tour.html	https://www.boost.org/doc/libs/1_68_0/libs/graph/doc/quick_tour.html
../data/boost/libs/circular_buffer/index.html	https://www.boost.org/doc/libs/1_68_0/libs/circular_buffer/index.html
../data/boost/libs/ptr_container/index.html	https://www.boost.org/doc/libs/1_68_0/libs/ptr_container/index.html
../data/boost/libs/icl/index.html	https://www.boost.org/doc/libs/1_68_0/libs/icl/index.html
../data/boost/libs/preprocessor/doc/acknowledgements.html	https://www.boost.org/doc/libs/1_68_0/libs/preprocessor/doc/acknowledgements.html
../data/boost/libs/preprocessor/doc/bibliography.html	https://www.boost.org/doc/libs/1_68_0/libs/preprocessor/doc/bibliography.html
../data/boost/libs/preprocessor/doc/data/arrays.html	https://www.boost.org/doc/libs/1_68_0/libs/preprocessor/doc/data/arrays.html
../data/boost/libs/preprocessor/doc/data/lists.html	https://www.boost.org/doc/libs/1_68_0/libs/preprocessor/doc/data/lists.html
../data/boost/libs/preprocessor/doc/data/sequences.html	https://www.boost.org/doc/libs/1_68_0/libs/preprocessor/doc/data/sequences.html
../data/boost/libs/preprocessor/doc/data/tuples.html	https://www.boost.org/doc/libs/1_68_0/libs/preprocessor/doc/data/tuples.html
../data/boost/libs/preprocessor/doc/headers/arithmetic.html	https://www.boost.org/doc/libs/1_68_0/libs/preprocessor/doc/headers/arithmetic.html
../data/boost/libs/preprocessor/doc/headers/array.html	https://www.boost.org/doc/libs/1_68_0/libs/preprocessor/doc/headers/array.html
../data/boost/libs/preprocessor/doc/headers/assert_msg.html	https://www.boost.org/doc/libs/1_68_0/libs/preprocessor/doc/headers/assert_msg.html
../data/boost/libs/preprocessor/doc/headers/cat.html	https://www.boost.org/doc/libs/1_68_0/libs/preprocessor/doc/headers/cat.html
../data/boost/libs/preprocessor/doc/headers/comma.html	https://www.boost.org/doc/libs/1_68_0/libs/preprocessor/doc/headers/comma.html
../data/boost/libs/preprocessor/doc/headers/comma_if.html	https://www.boost.org/doc/libs/1_68_0/libs/preprocessor/doc/headers/comma_if.html
../data/boost/libs/preprocessor/doc/headers/comparison.html	https://www.boost.org/doc/libs/1_68_0/libs/preprocessor/doc/headers/comparison.html
../data/boost/libs/preprocessor/doc/headers/control.html	https://www.boost.org/doc/libs/1_68_0/libs/preprocessor/doc/headers/control.html
../data/boost/libs/preprocessor/doc/headers/debug.html	https://www.boost.org/doc/libs/1_68_0/libs/preprocessor/doc/headers/debug.html
../data/boost/libs/preprocessor/doc/headers/dec.html	https://www.boost.org/doc/libs/1_68_0/libs/preprocessor/doc/headers/dec.html
../data/boost/libs/preprocessor/doc/headers/empty.html	https://www.boost.org/doc/libs/1_68_0/libs/preprocessor/doc/headers/empty.html
../data/boost/libs/preprocessor/doc/headers/enum.html	https://www.boost.org/doc/libs/1_68_0/libs/preprocessor/doc/headers/enum.html
../data/boost/libs/preprocessor/doc/headers/enum_params.html	https://www.boost.org/doc/libs/1_68_0/libs/preprocessor/doc/headers/enum_params.html
../data/boost/libs/preprocessor/doc/headers/enum_shifted.html	https://www.boost.org/doc/libs/1_68_0/libs/preprocessor/doc/headers/enum_shifted.html
../data/boost/libs/preprocessor/doc/headers/enum_shifted_params.html	https://www.boost.org/doc/libs/1_68_0/libs/preprocessor/doc/headers/enum_shifted_params.html
../data/boost/libs/preprocessor/doc/headers/epwad.html	https://www.boost.org/doc/libs/1_68_0/libs/preprocessor/doc/headers/epwad.html
../data/boost/libs/preprocessor/doc/headers/epwd.html	https://www.boost.org/doc/libs/1_68_0/libs/preprocessor/doc/headers/epwd.html
../data/boost/libs/preprocessor/doc/headers/expand.html	https://www.boost.org/doc/libs/1_68_0/libs/preprocessor/doc/headers/expand.html
../data/boost/libs/preprocessor/doc/headers/expr_if.html	https://www.boost.org/doc/libs/1_68_0/libs/preprocessor/doc/headers/expr_if.html
../data/boost/libs/preprocessor/doc/headers/facilities.html	https://www.boost.org/doc/libs/1_68_0/libs/preprocessor/doc/headers/facilities.html
../data/boost/libs/preprocessor/doc/headers/for.html	https://www.boost.org/doc/libs/1_68_0/libs/preprocessor/doc/headers/for.html
../data/boost/libs/preprocessor/doc/headers/identity.html	https://www.boost.org/doc/libs/1_68_0/libs/preprocessor/doc/headers/identity.html
../data/boost/libs/preprocessor/doc/headers/if.html	https://www.boost.org/doc/libs/1_68_0/libs/preprocessor/doc/headers/if.html
../data/boost/libs/preprocessor/doc/headers/inc.html	https://www.boost.org/doc/libs/1_68_0/libs/preprocessor/doc/headers/inc.html
../data/boost/libs/preprocessor/doc/headers/iterate.html	https://www.boost.org/doc/libs/1_68_0/libs/preprocessor/doc/headers/iterate.html
../data/boost/libs/preprocessor/doc/headers/iteration.html	https://www.boost.org/doc/libs/1_68_0/libs/preprocessor/doc/headers/iteration.html
../data/boost/libs/preprocessor/doc/headers/library.html	https://www.boost.org/doc/libs/1_68_0/libs/preprocessor/doc/headers/library.html
../data/boost/libs/preprocessor/doc/headers/limits.html	https://www.boost.org/doc/libs/1_68_0/libs/preprocessor/doc/headers/limits.html
../data/boost/libs/preprocessor/doc/headers/list.html	https://www.boost.org/doc/libs/1_68_0/libs/preprocessor/doc/headers/list.html
../data/boost/libs/preprocessor/doc/headers/logical.html	https://www.boost.org/doc/libs/1_68_0/libs/preprocessor/doc/headers/logical.html
../data/boost/libs/preprocessor/doc/headers/max.html	https://www.boost.org/doc/libs/1_68_0/libs/preprocessor/doc/headers/max.html
../data/boost/libs/preprocessor/doc/headers/min.html	https://www.boost.org/doc/libs/1_68_0/libs/preprocessor/doc/headers/min.html
../data/boost/libs/preprocessor/doc/headers/preprocessor.html	https://www.boost.org/doc/libs/1_68_0/libs/preprocessor/doc/headers/preprocessor.html
../data/boost/libs/preprocessor/doc/headers/punctuation.html	https://www.boost.org/doc/libs/1_68_0/libs/preprocessor/doc/headers/punctuation.html
../data/boost/libs/preprocessor/doc/headers/repeat.html	https://www.boost.org/doc/libs/1_68_0/libs/preprocessor/doc/headers/repeat.html
../data/boost/libs/preprocessor/doc/headers/repeat_2nd.html	https://www.boost.org/doc/libs/1_68_0/libs/preprocessor/doc/headers/repeat_2nd.html
../data/boost/libs/preprocessor/doc/headers/repeat_3rd.html	https://www.boost.org/doc/libs/1_68_0/libs/preprocessor/doc/headers/repeat_3rd.html
../data/boost/libs/preprocessor/doc/headers/repeat_from_to.html	https://www.boost.org/doc/libs/1_68_0/libs/preprocessor/doc/headers/repeat_from_to.html
../data/boost/libs/preprocessor/doc/headers/repeat_from_to_2nd.html	https://www.boost.org/doc/libs/1_68_0/libs/preprocessor/doc/headers/repeat_from_to_2nd.html
../data/boost/libs/preprocessor/doc/headers/repeat_from_to_3rd.html	https://www.boost.org/doc/libs/1_68_0/libs/preprocessor/doc/headers/repeat_from_to_3rd.html
../data/boost/libs/preprocessor/doc/headers/repetition.html	https://www.boost.org/doc/libs/1_68_0/libs/preprocessor/doc/headers/repetition.html
../data/boost/libs/preprocessor/doc/headers/selection.html	https://www.boost.org/doc/libs/1_68_0/libs/preprocessor/doc/headers/selection.html
../data/boost/libs/preprocessor/doc/headers/seq.html	https://www.boost.org/doc/libs/1_68_0/libs/preprocessor/doc/headers/seq.html
../data/boost/libs/preprocessor/doc/headers/slot.html	https://www.boost.org/doc/libs/1_68_0/libs/preprocessor/doc/headers/slot.html
../data/boost/libs/preprocessor/doc/headers/stringize.html	https://www.boost.org/doc/libs/1_68_0/libs/preprocessor/doc/headers/stringize.html
../data/boost/libs/preprocessor/doc/headers/tuple.html	https://www.boost.org/doc/libs/1_68_0/libs/preprocessor/doc/headers/tuple.html
../data/boost/libs/preprocessor/doc/headers/variadic.html	https://www.boost.org/doc/libs/1_68_0/libs/preprocessor/doc/headers/variadic.html
../data/boost/libs/preprocessor/doc/headers/while.html	https://www.boost.org/doc/libs/1_68_0/libs/preprocessor/doc/headers/while.html
../data/boost/libs/preprocessor/doc/headers/wstringize.html	https://www.boost.org/doc/libs/1_68_0/libs/preprocessor/doc/headers/wstringize.html
../data/boost/libs/preprocessor/doc/headers/arithmetic/add.html	https://www.boost.org/doc/libs/1_68_0/libs/preprocessor/doc/headers/arithmetic/add.html
../data/boost/libs/preprocessor/doc/headers/arithmetic/dec.html	https://www.boost.org/doc/libs/1_68_0/libs/preprocessor/doc/headers/arithmetic/dec.html
../data/boost/libs/preprocessor/doc/headers/arithmetic/div.html	https://www.boost.org/doc/libs/1_68_0/libs/preprocessor/doc/headers/arithmetic/div.html
../data/boost/libs/preprocessor/doc/headers/arithmetic/inc.html	https://www.boost.org/doc/libs/1_68_0/libs/preprocessor/doc/headers/arithmetic/inc.html
../data/boost/libs/preprocessor/doc/headers/arithmetic/mod.html	https://www.boost.org/doc/libs/1_68_0/libs/preprocessor/doc/headers/arithmetic/mod.html
../data/boost/libs/preprocessor/doc/headers/arithmetic/mul.html	https://www.boost.org/doc/libs/1_68_0/libs/preprocessor/doc/headers/arithmetic/mul.html
../data/boost/libs/preprocessor/doc/headers/arithmetic/sub.html	https://www.boost.org/doc/libs/1_68_0/libs/preprocessor/doc/headers/arithmetic/sub.html
../data/boost/libs/preprocessor/doc/headers/array/data.html	https://www.boost.org/doc/libs/1_68_0/libs/preprocessor/doc/headers/array/data.html
../data/boost/libs/preprocessor/doc/headers/array/elem.html	https://www.boost.org/doc/libs/1_68_0/libs/preprocessor/doc/headers/array/elem.html
../data/boost/libs/preprocessor/doc/headers/array/enum.html	https://www.boost.org/doc/libs/1_68_0/libs/preprocessor/doc/headers/array/enum.html
../data/boost/libs/preprocessor/doc/headers/array/insert.html	https://www.boost.org/doc/libs/1_68_0/libs/preprocessor/doc/headers/array/insert.html
../data/boost/libs/preprocessor/doc/headers/array/pop_back.html	https://www.boost.org/doc/libs/1_68_0/libs/preprocessor/doc/headers/array/pop_back.html
../data/boost/libs/preprocessor/doc/headers/array/pop_front.html	https://www.boost.org/doc/libs/1_68_0/libs/preprocessor/doc/headers/array/pop_front.html
../data/boost/libs/preprocessor/doc/headers/array/push_back.html	https://www.boost.org/doc/libs/1_68_0/libs/preprocessor/doc/headers/array/push_back.html
../data/boost/libs/preprocessor/doc/headers/array/push_front.html	https://www.boost.org/doc/libs/1_68_0/libs/preprocessor/doc/headers/array/push_front.html
../data/boost/libs/preprocessor/doc/headers/array/remove.html	https://www.boost.org/doc/libs/1_68_0/libs/preprocessor/doc/headers/array/remove.html
../data/boost/libs/preprocessor/doc/headers/array/replace.html	https://www.boost.org/doc/libs/1_68_0/libs/preprocessor/doc/headers/array/replace.html
../data/boost/libs/preprocessor/doc/headers/array/reverse.html	https://www.boost.org/doc/libs/1_68_0/libs/preprocessor/doc/headers/array/reverse.html
../data/boost/libs/preprocessor/doc/headers/array/size.html	https://www.boost.org/doc/libs/1_68_0/libs/preprocessor/doc/headers/array/size.html
../data/boost/libs/preprocessor/doc/headers/array/to_list.html	https://www.boost.org/doc/libs/1_68_0/libs/preprocessor/doc/headers/array/to_list.html
../data/boost/libs/preprocessor/doc/headers/array/to_seq.html	https://www.boost.org/doc/libs/1_68_0/libs/preprocessor/doc/headers/array/to_seq.html
../data/boost/libs/preprocessor/doc/headers/array/to_tuple.html	https://www.boost.org/doc/libs/1_68_0/libs/preprocessor/doc/headers/array/to_tuple.html
../data/boost/libs/preprocessor/doc/headers/comparison/equal.html	https://www.boost.org/doc/libs/1_68_0/libs/preprocessor/doc/headers/comparison/equal.html
../data/boost/libs/preprocessor/doc/headers/comparison/greater.html	https://www.boost.org/doc/libs/1_68_0/libs/preprocessor/doc/headers/comparison/greater.html
../data/boost/libs/preprocessor/doc/headers/comparison/greater_equal.html	https://www.boost.org/doc/libs/1_68_0/libs/preprocessor/doc/headers/comparison/greater_equal.html
../data/boost/libs/preprocessor/doc/headers/comparison/less.html	https://www.boost.org/doc/libs/1_68_0/libs/preprocessor/doc/headers/comparison/less.html
../data/boost/libs/preprocessor/doc/headers/comparison/less_equal.html	https://www.boost.org/doc/libs/1_68_0/libs/preprocessor/doc/headers/comparison/less_equal.html
../data/boost/libs/preprocessor/doc/headers/comparison/not_equal.html	https://www.boost.org/doc/libs/1_68_0/libs/preprocessor/doc/headers/comparison/not_equal.html
../data/boost/libs/preprocessor/doc/headers/config/limits.html	https://www.boost.org/doc/libs/1_68_0/libs/preprocessor/doc/headers/config/limits.html
../data/boost/libs/preprocessor/doc/headers/config/variadics.html	https://www.boost.org/doc/libs/1_68_0/libs/preprocessor/doc/headers/config/variadics.html
../data/boost/libs/preprocessor/doc/headers/control/deduce_d.html	https://www.boost.org/doc/libs/1_68_0/libs/preprocessor/doc/headers/control/deduce_d.html
../data/boost/libs/preprocessor/doc/headers/control/expr_if.html	https://www.boost.org/doc/libs/1_68_0/libs/preprocessor/doc/headers/control/expr_if.html
../data/boost/libs/preprocessor/doc/headers/control/expr_iif.html	https://www.boost.org/doc/libs/1_68_0/libs/preprocessor/doc/headers/control/expr_iif.html
../data/boost/libs/preprocessor/doc/headers/control/if.html	https://www.boost.org/doc/libs/1_68_0/libs/preprocessor/doc/headers/control/if.html
../data/boost/libs/preprocessor/doc/headers/control/iif.html	https://www.boost.org/doc/libs/1_68_0/libs/preprocessor/doc/headers/control/iif.html
../data/boost/libs/preprocessor/doc/headers/control/while.html	https://www.boost.org/doc/libs/1_68_0/libs/preprocessor/doc/headers/control/while.html
../data/boost/libs/preprocessor/doc/headers/debug/assert.html	https://www.boost.org/doc/libs/1_68_0/libs/preprocessor/doc/headers/debug/assert.html
../data/boost/libs/preprocessor/doc/headers/debug/line.html	https://www.boost.org/doc/libs/1_68_0/libs/preprocessor/doc/headers/debug/line.html
../data/boost/libs/preprocessor/doc/headers/facilities/apply.html	https://www.boost.org/doc/libs/1_68_0/libs/preprocessor/doc/headers/facilities/apply.html
../data/boost/libs/preprocessor/doc/headers/facilities/empty.html	https://www.boost.org/doc/libs/1_68_0/libs/preprocessor/doc/headers/facilities/empty.html
../data/boost/libs/preprocessor/doc/headers/facilities/expand.html	https://www.boost.org/doc/libs/1_68_0/libs/preprocessor/doc/headers/facilities/expand.html
../data/boost/libs/preprocessor/doc/headers/facilities/identity.html	https://www.boost.org/doc/libs/1_68_0/libs/preprocessor/doc/headers/facilities/identity.html
../data/boost/libs/preprocessor/doc/headers/facilities/intercept.html	https://www.boost.org/doc/libs/1_68_0/libs/preprocessor/doc/headers/facilities/intercept.html
../data/boost/libs/preprocessor/doc/headers/facilities/overload.html	https://www.boost.org/doc/libs/1_68_0/libs/preprocessor/doc/headers/facilities/overload.html
../data/boost/libs/preprocessor/doc/headers/iteration/iterate.html	https://www.boost.org/doc/libs/1_68_0/libs/preprocessor/doc/headers/iteration/iterate.html
../data/boost/libs/preprocessor/doc/headers/iteration/local.html	https://www.boost.org/doc/libs/1_68_0/libs/preprocessor/doc/headers/iteration/local.html
../data/boost/libs/preprocessor/doc/headers/iteration/self.html	https://www.boost.org/doc/libs/1_68_0/libs/preprocessor/doc/headers/iteration/self.html
../data/boost/libs/preprocessor/doc/headers/list/adt.html	https://www.boost.org/doc/libs/1_68_0/libs/preprocessor/doc/headers/list/adt.html
../data/boost/libs/preprocessor/doc/headers/list/append.html	https://www.boost.org/doc/libs/1_68_0/libs/preprocessor/doc/headers/list/append.html
../data/boost/libs/preprocessor/doc/headers/list/at.html	https://www.boost.org/doc/libs/1_68_0/libs/preprocessor/doc/headers/list/at.html
../data/boost/libs/preprocessor/doc/headers/list/cat.html	https://www.boost.org/doc/libs/1_68_0/libs/preprocessor/doc/headers/list/cat.html
../data/boost/libs/preprocessor/doc/headers/list/enum.html	https://www.boost.org/doc/libs/1_68_0/libs/preprocessor/doc/headers/list/enum.html
../data/boost/libs/preprocessor/doc/headers/list/filter.html	https://www.boost.org/doc/libs/1_68_0/libs/preprocessor/doc/headers/list/filter.html
../data/boost/libs/preprocessor/doc/headers/list/first_n.html	https://www.boost.org/doc/libs/1_68_0/libs/preprocessor/doc/headers/list/first_n.html
../data/boost/libs/preprocessor/doc/headers/list/fold_left.html	https://www.boost.org/doc/libs/1_68_0/libs/preprocessor/doc/headers/list/fold_left.html
../data/boost/libs/preprocessor/doc/headers/list/fold_right.html	https://www.boost.org/doc/libs/1_68_0/libs/preprocessor/doc/headers/list/fold_right.html
../data/boost/libs/preprocessor/doc/headers/list/for_each.html	https://www.boost.org/doc/libs/1_68_0/libs/preprocessor/doc/headers/list/for_each.html
../data/boost/libs/preprocessor/doc/headers/list/for_each_i.html	https://www.boost.org/doc/libs/1_68_0/libs/preprocessor/doc/headers/list/for_each_i.html
../data/boost/libs/preprocessor/doc/headers/list/for_each_product.html	https://www.boost.org/doc/libs/1_68_0/libs/preprocessor/doc/headers/list/for_each_product.html
../data/boost/libs/preprocessor/doc/headers/list/rest_n.html	https://www.boost.org/doc/libs/1_68_0/libs/preprocessor/doc/headers/list/rest_n.html
../data/boost/libs/preprocessor/doc/headers/list/reverse.html	https://www.boost.org/doc/libs/1_68_0/libs/preprocessor/doc/headers/list/reverse.html
../data/boost/libs/preprocessor/doc/headers/list/size.html	https://www.boost.org/doc/libs/1_68_0/libs/preprocessor/doc/headers/list/size.html
../data/boost/libs/preprocessor/doc/headers/list/to_tuple.html	https://www.boost.org/doc/libs/1_68_0/libs/preprocessor/doc/headers/list/to_tuple.html
../data/boost/libs/preprocessor/doc/headers/list/transform.html	https://www.boost.org/doc/libs/1_68_0/libs/preprocessor/doc/headers/list/transform.html
../data/boost/libs/preprocessor/doc/headers/logical/and.html	https://www.boost.org/doc/libs/1_68_0/libs/preprocessor/doc/headers/logical/and.html
../data/boost/libs/preprocessor/doc/headers/logical/bitand.html	https://www.boost.org/doc/libs/1_68_0/libs/preprocessor/doc/headers/logical/bitand.html
../data/boost/libs/preprocessor/doc/headers/logical/bitnor.html	https://www.boost.org/doc/libs/1_68_0/libs/preprocessor/doc/headers/logical/bitnor.html
../data/boost/libs/preprocessor/doc/headers/logical/bitor.html	https://www.boost.org/doc/libs/1_68_0/libs/preprocessor/doc/headers/logical/bitor.html
../data/boost/libs/preprocessor/doc/headers/logical/bitxor.html	https://www.boost.org/doc/libs/1_68_0/libs/preprocessor/doc/headers/logical/bitxor.html
../data/boost/libs/preprocessor/doc/headers/logical/bool.html	https://www.boost.org/doc/libs/1_68_0/libs/preprocessor/doc/headers/logical/bool.html
../data/boost/libs/preprocessor/doc/headers/logical/compl.html	https://www.boost.org/doc/libs/1_68_0/libs/preprocessor/doc/headers/logical/compl.html
../data/boost/libs/preprocessor/doc/headers/logical/nor.html	https://www.boost.org/doc/libs/1_68_0/libs/preprocessor/doc/headers/logical/nor.html
../data/boost/libs/preprocessor/doc/headers/logical/not.html	https://www.boost.org/doc/libs/1_68_0/libs/preprocessor/doc/headers/logical/not.html
../data/boost/libs/preprocessor/doc/headers/logical/or.html	https://www.boost.org/doc/libs/1_68_0/libs/preprocessor/doc/headers/logical/or.html
../data/boost/libs/preprocessor/doc/headers/logical/xor.html	https://www.boost.org/doc/libs/1_68_0/libs/preprocessor/doc/headers/logical/xor.html
../data/boost/libs/preprocessor/doc/headers/punctuation/comma.html	https://www.boost.org/doc/libs/1_68_0/libs/preprocessor/doc/headers/punctuation/comma.html
../data/boost/libs/preprocessor/doc/headers/punctuation/comma_if.html	https://www.boost.org/doc/libs/1_68_0/libs/preprocessor/doc/headers/punctuation/comma_if.html
../data/boost/libs/preprocessor/doc/headers/punctuation/is_begin_parens.html	https://www.boost.org/doc/libs/1_68_0/libs/preprocessor/doc/headers/punctuation/is_begin_parens.html
../data/boost/libs/preprocessor/doc/headers/punctuation/paren.html	https://www.boost.org/doc/libs/1_68_0/libs/preprocessor/doc/headers/punctuation/paren.html
../data/boost/libs/preprocessor/doc/headers/punctuation/paren_if.html	https://www.boost.org/doc/libs/1_68_0/libs/preprocessor/doc/headers/punctuation/paren_if.html
../data/boost/libs/preprocessor/doc/headers/punctuation/remove_parens.html	https://www.boost.org/doc/libs/1_68_0/libs/preprocessor/doc/headers/punctuation/remove_parens.html
../data/boost/libs/preprocessor/doc/headers/repetition/deduce_r.html	https://www.boost.org/doc/libs/1_68_0/libs/preprocessor/doc/headers/repetition/deduce_r.html
../data/boost/libs/preprocessor/doc/headers/repetition/deduce_z.html	https://www.boost.org/doc/libs/1_68_0/libs/preprocessor/doc/headers/repetition/deduce_z.html
../data/boost/libs/preprocessor/doc/headers/repetition/enum.html	https://www.boost.org/doc/libs/1_68_0/libs/preprocessor/doc/headers/repetition/enum.html
../data/boost/libs/preprocessor/doc/headers/repetition/enum_binary_params.html	https://www.boost.org/doc/libs/1_68_0/libs/preprocessor/doc/headers/repetition/enum_binary_params.html
../data/boost/libs/preprocessor/doc/headers/repetition/enum_params.html	https://www.boost.org/doc/libs/1_68_0/libs/preprocessor/doc/headers/repetition/enum_params.html
../data/boost/libs/preprocessor/doc/headers/repetition/enum_shifted.html	https://www.boost.org/doc/libs/1_68_0/libs/preprocessor/doc/headers/repetition/enum_shifted.html
../data/boost/libs/preprocessor/doc/headers/repetition/enum_shifted_params.html	https://www.boost.org/doc/libs/1_68_0/libs/preprocessor/doc/headers/repetition/enum_shifted_params.html
../data/boost/libs/preprocessor/doc/headers/repetition/enum_trailing.html	https://www.boost.org/doc/libs/1_68_0/libs/preprocessor/doc/headers/repetition/enum_trailing.html
../data/boost/libs/preprocessor/doc/headers/repetition/enum_trailing_params.html	https://www.boost.org/doc/libs/1_68_0/libs/preprocessor/doc/headers/repetition/enum_trailing_params.html
../data/boost/libs/preprocessor/doc/headers/repetition/epwad.html	https://www.boost.org/doc/libs/1_68_0/libs/preprocessor/doc/headers/repetition/epwad.html
../data/boost/libs/preprocessor/doc/headers/repetition/epwd.html	https://www.boost.org/doc/libs/1_68_0/libs/preprocessor/doc/headers/repetition/epwd.html
../data/boost/libs/preprocessor/doc/headers/repetition/esbp.html	https://www.boost.org/doc/libs/1_68_0/libs/preprocessor/doc/headers/repetition/esbp.html
../data/boost/libs/preprocessor/doc/headers/repetition/etbp.html	https://www.boost.org/doc/libs/1_68_0/libs/preprocessor/doc/headers/repetition/etbp.html
../data/boost/libs/preprocessor/doc/headers/repetition/for.html	https://www.boost.org/doc/libs/1_68_0/libs/preprocessor/doc/headers/repetition/for.html
../data/boost/libs/preprocessor/doc/headers/repetition/repeat.html	https://www.boost.org/doc/libs/1_68_0/libs/preprocessor/doc/headers/repetition/repeat.html
../data/boost/libs/preprocessor/doc/headers/repetition/repeat_from_to.html	https://www.boost.org/doc/libs/1_68_0/libs/preprocessor/doc/headers/repetition/repeat_from_to.html
../data/boost/libs/preprocessor/doc/headers/selection/max.html	https://www.boost.org/doc/libs/1_68_0/libs/preprocessor/doc/headers/selection/max.html
../data/boost/libs/preprocessor/doc/headers/selection/min.html	https://www.boost.org/doc/libs/1_68_0/libs/preprocessor/doc/headers/selection/min.html
../data/boost/libs/preprocessor/doc/headers/seq/cat.html	https://www.boost.org/doc/libs/1_68_0/libs/preprocessor/doc/headers/seq/cat.html
../data/boost/libs/preprocessor/doc/headers/seq/elem.html	https://www.boost.org/doc/libs/1_68_0/libs/preprocessor/doc/headers/seq/elem.html
../data/boost/libs/preprocessor/doc/headers/seq/enum.html	https://www.boost.org/doc/libs/1_68_0/libs/preprocessor/doc/headers/seq/enum.html
../data/boost/libs/preprocessor/doc/headers/seq/filter.html	https://www.boost.org/doc/libs/1_68_0/libs/preprocessor/doc/headers/seq/filter.html
../data/boost/libs/preprocessor/doc/headers/seq/first_n.html	https://www.boost.org/doc/libs/1_68_0/libs/preprocessor/doc/headers/seq/first_n.html
../data/boost/libs/preprocessor/doc/headers/seq/fold_left.html	https://www.boost.org/doc/libs/1_68_0/libs/preprocessor/doc/headers/seq/fold_left.html
../data/boost/libs/preprocessor/doc/headers/seq/fold_right.html	https://www.boost.org/doc/libs/1_68_0/libs/preprocessor/doc/headers/seq/fold_right.html
../data/boost/libs/preprocessor/doc/headers/seq/for_each.html	https://www.boost.org/doc/libs/1_68_0/libs/preprocessor/doc/headers/seq/for_each.html
../data/boost/libs/preprocessor/doc/headers/seq/for_each_i.html	https://www.boost.org/doc/libs/1_68_0/libs/preprocessor/doc/headers/seq/for_each_i.html
../data/boost/libs/preprocessor/doc/headers/seq/for_each_product.html	https://www.boost.org/doc/libs/1_68_0/libs/preprocessor/doc/headers/seq/for_each_product.html
../data/boost/libs/preprocessor/doc/headers/seq/insert.html	https://www.boost.org/doc/libs/1_68_0/libs/preprocessor/doc/headers/seq/insert.html
../data/boost/libs/preprocessor/doc/headers/seq/pop_back.html	https://www.boost.org/doc/libs/1_68_0/libs/preprocessor/doc/headers/seq/pop_back.html
../data/boost/libs/preprocessor/doc/headers/seq/pop_front.html	https://www.boost.org/doc/libs/1_68_0/libs/preprocessor/doc/headers/seq/pop_front.html
../data/boost/libs/preprocessor/doc/headers/seq/push_back.html	https://www.boost.org/doc/libs/1_68_0/libs/preprocessor/doc/headers/seq/push_back.html
../data/boost/libs/preprocessor/doc/headers/seq/push_front.html	https://www.boost.org/doc/libs/1_68_0/libs/preprocessor/doc/headers/seq/push_front.html
../data/boost/libs/preprocessor/doc/headers/seq/remove.html	https://www.boost.org/doc/libs/1_68_0/libs/preprocessor/doc/headers/seq/remove.html
../data/boost/libs/preprocessor/doc/headers/seq/replace.html	https://www.boost.org/doc/libs/1_68_0/libs/preprocessor/doc/headers/seq/replace.html
../data/boost/libs/preprocessor/doc/headers/seq/rest_n.html	https://www.boost.org/doc/libs/1_68_0/libs/preprocessor/doc/headers/seq/rest_n.html
../data/boost/libs/preprocessor/doc/headers/seq/reverse.html	https://www.boost.org/doc/libs/1_68_0/libs/preprocessor/doc/headers/seq/reverse.html
../data/boost/libs/preprocessor/doc/headers/seq/seq.html	https://www.boost.org/doc/libs/1_68_0/libs/preprocessor/doc/headers/seq/seq.html
../data/boost/libs/preprocessor/doc/headers/seq/size.html	https://www.boost.org/doc/libs/1_68_0/libs/preprocessor/doc/headers/seq/size.html
../data/boost/libs/preprocessor/doc/headers/seq/subseq.html	https://www.boost.org/doc/libs/1_68_0/libs/preprocessor/doc/headers/seq/subseq.html
../data/boost/libs/preprocessor/doc/headers/seq/to_array.html	https://www.boost.org/doc/libs/1_68_0/libs/preprocessor/doc/headers/seq/to_array.html
../data/boost/libs/preprocessor/doc/headers/seq/to_list.html	https://www.boost.org/doc/libs/1_68_0/libs/preprocessor/doc/headers/seq/to_list.html
../data/boost/libs/preprocessor/doc/headers/seq/to_tuple.html	https://www.boost.org/doc/libs/1_68_0/libs/preprocessor/doc/headers/seq/to_tuple.html
../data/boost/libs/preprocessor/doc/headers/seq/transform.html	https://www.boost.org/doc/libs/1_68_0/libs/preprocessor/doc/headers/seq/transform.html
../data/boost/libs/preprocessor/doc/headers/slot/counter.html	https://www.boost.org/doc/libs/1_68_0/libs/preprocessor/doc/headers/slot/counter.html
../data/boost/libs/preprocessor/doc/headers/slot/slot.html	https://www.boost.org/doc/libs/1_68_0/libs/preprocessor/doc/headers/slot/slot.html
../data/boost/libs/preprocessor/doc/headers/tuple/eat.html	https://www.boost.org/doc/libs/1_68_0/libs/preprocessor/doc/headers/tuple/eat.html
../data/boost/libs/preprocessor/doc/headers/tuple/elem.html	https://www.boost.org/doc/libs/1_68_0/libs/preprocessor/doc/headers/tuple/elem.html
../data/boost/libs/preprocessor/doc/headers/tuple/enum.html	https://www.boost.org/doc/libs/1_68_0/libs/preprocessor/doc/headers/tuple/enum.html
../data/boost/libs/preprocessor/doc/headers/tuple/insert.html	https://www.boost.org/doc/libs/1_68_0/libs/preprocessor/doc/headers/tuple/insert.html
../data/boost/libs/preprocessor/doc/headers/tuple/pop_back.html	https://www.boost.org/doc/libs/1_68_0/libs/preprocessor/doc/headers/tuple/pop_back.html
../data/boost/libs/preprocessor/doc/headers/tuple/pop_front.html	https://www.boost.org/doc/libs/1_68_0/libs/preprocessor/doc/headers/tuple/pop_front.html
../data/boost/libs/preprocessor/doc/headers/tuple/push_back.html	https://www.boost.org/doc/libs/1_68_0/libs/preprocessor/doc/headers/tuple/push_back.html
../data/boost/libs/preprocessor/doc/headers/tuple/push_front.html	https://www.boost.org/doc/libs/1_68_0/libs/preprocessor/doc/headers/tuple/push_front.html
../data/boost/libs/preprocessor/doc/headers/tuple/rem.html	https://www.boost.org/doc/libs/1_68_0/libs/preprocessor/doc/headers/tuple/rem.html
../data/boost/libs/preprocessor/doc/headers/tuple/remove.html	https://www.boost.org/doc/libs/1_68_0/libs/preprocessor/doc/headers/tuple/remove.html
../data/boost/libs/preprocessor/doc/headers/tuple/replace.html	https://www.boost.org/doc/libs/1_68_0/libs/preprocessor/doc/headers/tuple/replace.html
../data/boost/libs/preprocessor/doc/headers/tuple/reverse.html	https://www.boost.org/doc/libs/1_68_0/libs/preprocessor/doc/headers/tuple/reverse.html
../data/boost/libs/preprocessor/doc/headers/tuple/size.html	https://www.boost.org/doc/libs/1_68_0/libs/preprocessor/doc/headers/tuple/size.html
../data/boost/libs/preprocessor/doc/headers/tuple/to_array.html	https://www.boost.org/doc/libs/1_68_0/libs/preprocessor/doc/headers/tuple/to_array.html
../data/boost/libs/preprocessor/doc/headers/tuple/to_list.html	https://www.boost.org/doc/libs/1_68_0/libs/preprocessor/doc/headers/tuple/to_list.html
../data/boost/libs/preprocessor/doc/headers/tuple/to_seq.html	https://www.boost.org/doc/libs/1_68_0/libs/preprocessor/doc/headers/tuple/to_seq.html
../data/boost/libs/preprocessor/doc/headers/variadic/elem.html	https://www.boost.org/doc/libs/1_68_0/libs/preprocessor/doc/headers/variadic/elem.html
../data/boost/libs/preprocessor/doc/headers/variadic/size.html	https://www.boost.org/doc/libs/1_68_0/libs/preprocessor/doc/headers/variadic/size.html
../data/boost/libs/preprocessor/doc/headers/variadic/to_array.html	https://www.boost.org/doc/libs/1_68_0/libs/preprocessor/doc/headers/variadic/to_array.html
../data/boost/libs/preprocessor/doc/headers/variadic/to_list.html	https://www.boost.org/doc/libs/1_68_0/libs/preprocessor/doc/headers/variadic/to_list.html
../data/boost/libs/preprocessor/doc/headers/variadic/to_seq.html	https://www.boost.org/doc/libs/1_68_0/libs/preprocessor/doc/headers/variadic/to_seq.html
../data/boost/libs/preprocessor/doc/headers/variadic/to_tuple.html	https://www.boost.org/doc/libs/1_68_0/libs/preprocessor/doc/headers/variadic/to_tuple.html
../data/boost/libs/preprocessor/doc/ref/add.html	https://www.boost.org/doc/libs/1_68_0/libs/preprocessor/doc/ref/add.html
../data/boost/libs/preprocessor/doc/ref/add_d.html	https://www.boost.org/doc/libs/1_68_0/libs/preprocessor/doc/ref/add_d.html
../data/boost/libs/preprocessor/doc/ref/and.html	https://www.boost.org/doc/libs/1_68_0/libs/preprocessor/doc/ref/and.html
../data/boost/libs/preprocessor/doc/ref/apply.html	https://www.boost.org/doc/libs/1_68_0/libs/preprocessor/doc/ref/apply.html
../data/boost/libs/preprocessor/doc/ref/array_data.html	https://www.boost.org/doc/libs/1_68_0/libs/preprocessor/doc/ref/array_data.html
../data/boost/libs/preprocessor/doc/ref/array_elem.html	https://www.boost.org/doc/libs/1_68_0/libs/preprocessor/doc/ref/array_elem.html
../data/boost/libs/preprocessor/doc/ref/array_enum.html	https://www.boost.org/doc/libs/1_68_0/libs/preprocessor/doc/ref/array_enum.html
../data/boost/libs/preprocessor/doc/ref/array_insert.html	https://www.boost.org/doc/libs/1_68_0/libs/preprocessor/doc/ref/array_insert.html
../data/boost/libs/preprocessor/doc/ref/array_insert_d.html	https://www.boost.org/doc/libs/1_68_0/libs/preprocessor/doc/ref/array_insert_d.html
../data/boost/libs/preprocessor/doc/ref/array_pop_back.html	https://www.boost.org/doc/libs/1_68_0/libs/preprocessor/doc/ref/array_pop_back.html
../data/boost/libs/preprocessor/doc/ref/array_pop_back_z.html	https://www.boost.org/doc/libs/1_68_0/libs/preprocessor/doc/ref/array_pop_back_z.html
../data/boost/libs/preprocessor/doc/ref/array_pop_front.html	https://www.boost.org/doc/libs/1_68_0/libs/preprocessor/doc/ref/array_pop_front.html
../data/boost/libs/preprocessor/doc/ref/array_pop_front_z.html	https://www.boost.org/doc/libs/1_68_0/libs/preprocessor/doc/ref/array_pop_front_z.html
../data/boost/libs/preprocessor/doc/ref/array_push_back.html	https://www.boost.org/doc/libs/1_68_0/libs/preprocessor/doc/ref/array_push_back.html
../data/boost/libs/preprocessor/doc/ref/array_push_front.html	https://www.boost.org/doc/libs/1_68_0/libs/preprocessor/doc/ref/array_push_front.html
../data/boost/libs/preprocessor/doc/ref/array_remove.html	https://www.boost.org/doc/libs/1_68_0/libs/preprocessor/doc/ref/array_remove.html
../data/boost/libs/preprocessor/doc/ref/array_remove_d.html	https://www.boost.org/doc/libs/1_68_0/libs/preprocessor/doc/ref/array_remove_d.html
../data/boost/libs/preprocessor/doc/ref/array_replace.html	https://www.boost.org/doc/libs/1_68_0/libs/preprocessor/doc/ref/array_replace.html
../data/boost/libs/preprocessor/doc/ref/array_replace_d.html	https://www.boost.org/doc/libs/1_68_0/libs/preprocessor/doc/ref/array_replace_d.html
../data/boost/libs/preprocessor/doc/ref/array_reverse.html	https://www.boost.org/doc/libs/1_68_0/libs/preprocessor/doc/ref/array_reverse.html
../data/boost/libs/preprocessor/doc/ref/array_size.html	https://www.boost.org/doc/libs/1_68_0/libs/preprocessor/doc/ref/array_size.html
../data/boost/libs/preprocessor/doc/ref/array_to_list.html	https://www.boost.org/doc/libs/1_68_0/libs/preprocessor/doc/ref/array_to_list.html
../data/boost/libs/preprocessor/doc/ref/array_to_seq.html	https://www.boost.org/doc/libs/1_68_0/libs/preprocessor/doc/ref/array_to_seq.html
../data/boost/libs/preprocessor/doc/ref/array_to_tuple.html	https://www.boost.org/doc/libs/1_68_0/libs/preprocessor/doc/ref/array_to_tuple.html
../data/boost/libs/preprocessor/doc/ref/assert.html	https://www.boost.org/doc/libs/1_68_0/libs/preprocessor/doc/ref/assert.html
../data/boost/libs/preprocessor/doc/ref/assert_msg.html	https://www.boost.org/doc/libs/1_68_0/libs/preprocessor/doc/ref/assert_msg.html
../data/boost/libs/preprocessor/doc/ref/assign_slot.html	https://www.boost.org/doc/libs/1_68_0/libs/preprocessor/doc/ref/assign_slot.html
../data/boost/libs/preprocessor/doc/ref/bitand.html	https://www.boost.org/doc/libs/1_68_0/libs/preprocessor/doc/ref/bitand.html
../data/boost/libs/preprocessor/doc/ref/bitnor.html	https://www.boost.org/doc/libs/1_68_0/libs/preprocessor/doc/ref/bitnor.html
../data/boost/libs/preprocessor/doc/ref/bitor.html	https://www.boost.org/doc/libs/1_68_0/libs/preprocessor/doc/ref/bitor.html
../data/boost/libs/preprocessor/doc/ref/bitxor.html	https://www.boost.org/doc/libs/1_68_0/libs/preprocessor/doc/ref/bitxor.html
../data/boost/libs/preprocessor/doc/ref/bool.html	https://www.boost.org/doc/libs/1_68_0/libs/preprocessor/doc/ref/bool.html
../data/boost/libs/preprocessor/doc/ref/cat.html	https://www.boost.org/doc/libs/1_68_0/libs/preprocessor/doc/ref/cat.html
../data/boost/libs/preprocessor/doc/ref/comma.html	https://www.boost.org/doc/libs/1_68_0/libs/preprocessor/doc/ref/comma.html
../data/boost/libs/preprocessor/doc/ref/comma_if.html	https://www.boost.org/doc/libs/1_68_0/libs/preprocessor/doc/ref/comma_if.html
../data/boost/libs/preprocessor/doc/ref/compl.html	https://www.boost.org/doc/libs/1_68_0/libs/preprocessor/doc/ref/compl.html
../data/boost/libs/preprocessor/doc/ref/config_extended_line_info.html	https://www.boost.org/doc/libs/1_68_0/libs/preprocessor/doc/ref/config_extended_line_info.html
../data/boost/libs/preprocessor/doc/ref/counter.html	https://www.boost.org/doc/libs/1_68_0/libs/preprocessor/doc/ref/counter.html
../data/boost/libs/preprocessor/doc/ref/dec.html	https://www.boost.org/doc/libs/1_68_0/libs/preprocessor/doc/ref/dec.html
../data/boost/libs/preprocessor/doc/ref/deduce_d.html	https://www.boost.org/doc/libs/1_68_0/libs/preprocessor/doc/ref/deduce_d.html
../data/boost/libs/preprocessor/doc/ref/deduce_r.html	https://www.boost.org/doc/libs/1_68_0/libs/preprocessor/doc/ref/deduce_r.html
../data/boost/libs/preprocessor/doc/ref/deduce_z.html	https://www.boost.org/doc/libs/1_68_0/libs/preprocessor/doc/ref/deduce_z.html
../data/boost/libs/preprocessor/doc/ref/div.html	https://www.boost.org/doc/libs/1_68_0/libs/preprocessor/doc/ref/div.html
../data/boost/libs/preprocessor/doc/ref/div_d.html	https://www.boost.org/doc/libs/1_68_0/libs/preprocessor/doc/ref/div_d.html
../data/boost/libs/preprocessor/doc/ref/empty.html	https://www.boost.org/doc/libs/1_68_0/libs/preprocessor/doc/ref/empty.html
../data/boost/libs/preprocessor/doc/ref/enum.html	https://www.boost.org/doc/libs/1_68_0/libs/preprocessor/doc/ref/enum.html
../data/boost/libs/preprocessor/doc/ref/enum_binary_params.html	https://www.boost.org/doc/libs/1_68_0/libs/preprocessor/doc/ref/enum_binary_params.html
../data/boost/libs/preprocessor/doc/ref/enum_binary_params_z.html	https://www.boost.org/doc/libs/1_68_0/libs/preprocessor/doc/ref/enum_binary_params_z.html
../data/boost/libs/preprocessor/doc/ref/enum_params.html	https://www.boost.org/doc/libs/1_68_0/libs/preprocessor/doc/ref/enum_params.html
../data/boost/libs/preprocessor/doc/ref/enum_params_with_a_default.html	https://www.boost.org/doc/libs/1_68_0/libs/preprocessor/doc/ref/enum_params_with_a_default.html
../data/boost/libs/preprocessor/doc/ref/enum_params_with_defaults.html	https://www.boost.org/doc/libs/1_68_0/libs/preprocessor/doc/ref/enum_params_with_defaults.html
../data/boost/libs/preprocessor/doc/ref/enum_params_z.html	https://www.boost.org/doc/libs/1_68_0/libs/preprocessor/doc/ref/enum_params_z.html
../data/boost/libs/preprocessor/doc/ref/enum_shifted.html	https://www.boost.org/doc/libs/1_68_0/libs/preprocessor/doc/ref/enum_shifted.html
../data/boost/libs/preprocessor/doc/ref/enum_shifted_params.html	https://www.boost.org/doc/libs/1_68_0/libs/preprocessor/doc/ref/enum_shifted_params.html
../data/boost/libs/preprocessor/doc/ref/enum_shifted_params_z.html	https://www.boost.org/doc/libs/1_68_0/libs/preprocessor/doc/ref/enum_shifted_params_z.html
../data/boost/libs/preprocessor/doc/ref/enum_shifted_z.html	https://www.boost.org/doc/libs/1_68_0/libs/preprocessor/doc/ref/enum_shifted_z.html
../data/boost/libs/preprocessor/doc/ref/enum_trailing.html	https://www.boost.org/doc/libs/1_68_0/libs/preprocessor/doc/ref/enum_trailing.html
../data/boost/libs/preprocessor/doc/ref/enum_trailing_params.html	https://www.boost.org/doc/libs/1_68_0/libs/preprocessor/doc/ref/enum_trailing_params.html
../data/boost/libs/preprocessor/doc/ref/enum_trailing_params_z.html	https://www.boost.org/doc/libs/1_68_0/libs/preprocessor/doc/ref/enum_trailing_params_z.html
../data/boost/libs/preprocessor/doc/ref/enum_trailing_z.html	https://www.boost.org/doc/libs/1_68_0/libs/preprocessor/doc/ref/enum_trailing_z.html
../data/boost/libs/preprocessor/doc/ref/enum_z.html	https://www.boost.org/doc/libs/1_68_0/libs/preprocessor/doc/ref/enum_z.html
../data/boost/libs/preprocessor/doc/ref/equal.html	https://www.boost.org/doc/libs/1_68_0/libs/preprocessor/doc/ref/equal.html
../data/boost/libs/preprocessor/doc/ref/equal_d.html	https://www.boost.org/doc/libs/1_68_0/libs/preprocessor/doc/ref/equal_d.html
../data/boost/libs/preprocessor/doc/ref/esbp.html	https://www.boost.org/doc/libs/1_68_0/libs/preprocessor/doc/ref/esbp.html
../data/boost/libs/preprocessor/doc/ref/esbpz.html	https://www.boost.org/doc/libs/1_68_0/libs/preprocessor/doc/ref/esbpz.html
../data/boost/libs/preprocessor/doc/ref/etbp.html	https://www.boost.org/doc/libs/1_68_0/libs/preprocessor/doc/ref/etbp.html
../data/boost/libs/preprocessor/doc/ref/etbpz.html	https://www.boost.org/doc/libs/1_68_0/libs/preprocessor/doc/ref/etbpz.html
../data/boost/libs/preprocessor/doc/ref/expand.html	https://www.boost.org/doc/libs/1_68_0/libs/preprocessor/doc/ref/expand.html
../data/boost/libs/preprocessor/doc/ref/expr_if.html	https://www.boost.org/doc/libs/1_68_0/libs/preprocessor/doc/ref/expr_if.html
../data/boost/libs/preprocessor/doc/ref/expr_iif.html	https://www.boost.org/doc/libs/1_68_0/libs/preprocessor/doc/ref/expr_iif.html
../data/boost/libs/preprocessor/doc/ref/filename_x.html	https://www.boost.org/doc/libs/1_68_0/libs/preprocessor/doc/ref/filename_x.html
../data/boost/libs/preprocessor/doc/ref/for.html	https://www.boost.org/doc/libs/1_68_0/libs/preprocessor/doc/ref/for.html
../data/boost/libs/preprocessor/doc/ref/for_r.html	https://www.boost.org/doc/libs/1_68_0/libs/preprocessor/doc/ref/for_r.html
../data/boost/libs/preprocessor/doc/ref/for_r_macros.html	https://www.boost.org/doc/libs/1_68_0/libs/preprocessor/doc/ref/for_r_macros.html
../data/boost/libs/preprocessor/doc/ref/frame_finish.html	https://www.boost.org/doc/libs/1_68_0/libs/preprocessor/doc/ref/frame_finish.html
../data/boost/libs/preprocessor/doc/ref/frame_flags.html	https://www.boost.org/doc/libs/1_68_0/libs/preprocessor/doc/ref/frame_flags.html
../data/boost/libs/preprocessor/doc/ref/frame_iteration.html	https://www.boost.org/doc/libs/1_68_0/libs/preprocessor/doc/ref/frame_iteration.html
../data/boost/libs/preprocessor/doc/ref/frame_start.html	https://www.boost.org/doc/libs/1_68_0/libs/preprocessor/doc/ref/frame_start.html
../data/boost/libs/preprocessor/doc/ref/greater.html	https://www.boost.org/doc/libs/1_68_0/libs/preprocessor/doc/ref/greater.html
../data/boost/libs/preprocessor/doc/ref/greater_d.html	https://www.boost.org/doc/libs/1_68_0/libs/preprocessor/doc/ref/greater_d.html
../data/boost/libs/preprocessor/doc/ref/greater_equal.html	https://www.boost.org/doc/libs/1_68_0/libs/preprocessor/doc/ref/greater_equal.html
../data/boost/libs/preprocessor/doc/ref/greater_equal_d.html	https://www.boost.org/doc/libs/1_68_0/libs/preprocessor/doc/ref/greater_equal_d.html
../data/boost/libs/preprocessor/doc/ref/identity.html	https://www.boost.org/doc/libs/1_68_0/libs/preprocessor/doc/ref/identity.html
../data/boost/libs/preprocessor/doc/ref/if.html	https://www.boost.org/doc/libs/1_68_0/libs/preprocessor/doc/ref/if.html
../data/boost/libs/preprocessor/doc/ref/iif.html	https://www.boost.org/doc/libs/1_68_0/libs/preprocessor/doc/ref/iif.html
../data/boost/libs/preprocessor/doc/ref/inc.html	https://www.boost.org/doc/libs/1_68_0/libs/preprocessor/doc/ref/inc.html
../data/boost/libs/preprocessor/doc/ref/include_self.html	https://www.boost.org/doc/libs/1_68_0/libs/preprocessor/doc/ref/include_self.html
../data/boost/libs/preprocessor/doc/ref/indirect_self.html	https://www.boost.org/doc/libs/1_68_0/libs/preprocessor/doc/ref/indirect_self.html
../data/boost/libs/preprocessor/doc/ref/intercept.html	https://www.boost.org/doc/libs/1_68_0/libs/preprocessor/doc/ref/intercept.html
../data/boost/libs/preprocessor/doc/ref/is_begin_parens.html	https://www.boost.org/doc/libs/1_68_0/libs/preprocessor/doc/ref/is_begin_parens.html
../data/boost/libs/preprocessor/doc/ref/is_iterating.html	https://www.boost.org/doc/libs/1_68_0/libs/preprocessor/doc/ref/is_iterating.html
../data/boost/libs/preprocessor/doc/ref/is_selfish.html	https://www.boost.org/doc/libs/1_68_0/libs/preprocessor/doc/ref/is_selfish.html
../data/boost/libs/preprocessor/doc/ref/iterate.html	https://www.boost.org/doc/libs/1_68_0/libs/preprocessor/doc/ref/iterate.html
../data/boost/libs/preprocessor/doc/ref/iteration.html	https://www.boost.org/doc/libs/1_68_0/libs/preprocessor/doc/ref/iteration.html
../data/boost/libs/preprocessor/doc/ref/iteration_depth.html	https://www.boost.org/doc/libs/1_68_0/libs/preprocessor/doc/ref/iteration_depth.html
../data/boost/libs/preprocessor/doc/ref/iteration_finish.html	https://www.boost.org/doc/libs/1_68_0/libs/preprocessor/doc/ref/iteration_finish.html
../data/boost/libs/preprocessor/doc/ref/iteration_flags.html	https://www.boost.org/doc/libs/1_68_0/libs/preprocessor/doc/ref/iteration_flags.html
../data/boost/libs/preprocessor/doc/ref/iteration_limits.html	https://www.boost.org/doc/libs/1_68_0/libs/preprocessor/doc/ref/iteration_limits.html
../data/boost/libs/preprocessor/doc/ref/iteration_params_x.html	https://www.boost.org/doc/libs/1_68_0/libs/preprocessor/doc/ref/iteration_params_x.html
../data/boost/libs/preprocessor/doc/ref/iteration_start.html	https://www.boost.org/doc/libs/1_68_0/libs/preprocessor/doc/ref/iteration_start.html
../data/boost/libs/preprocessor/doc/ref/less.html	https://www.boost.org/doc/libs/1_68_0/libs/preprocessor/doc/ref/less.html
../data/boost/libs/preprocessor/doc/ref/less_d.html	https://www.boost.org/doc/libs/1_68_0/libs/preprocessor/doc/ref/less_d.html
../data/boost/libs/preprocessor/doc/ref/less_equal.html	https://www.boost.org/doc/libs/1_68_0/libs/preprocessor/doc/ref/less_equal.html
../data/boost/libs/preprocessor/doc/ref/less_equal_d.html	https://www.boost.org/doc/libs/1_68_0/libs/preprocessor/doc/ref/less_equal_d.html
../data/boost/libs/preprocessor/doc/ref/limit_dim.html	https://www.boost.org/doc/libs/1_68_0/libs/preprocessor/doc/ref/limit_dim.html
../data/boost/libs/preprocessor/doc/ref/limit_for.html	https://www.boost.org/doc/libs/1_68_0/libs/preprocessor/doc/ref/limit_for.html
../data/boost/libs/preprocessor/doc/ref/limit_iteration.html	https://www.boost.org/doc/libs/1_68_0/libs/preprocessor/doc/ref/limit_iteration.html
../data/boost/libs/preprocessor/doc/ref/limit_iteration_dim.html	https://www.boost.org/doc/libs/1_68_0/libs/preprocessor/doc/ref/limit_iteration_dim.html
../data/boost/libs/preprocessor/doc/ref/limit_mag.html	https://www.boost.org/doc/libs/1_68_0/libs/preprocessor/doc/ref/limit_mag.html
../data/boost/libs/preprocessor/doc/ref/limit_repeat.html	https://www.boost.org/doc/libs/1_68_0/libs/preprocessor/doc/ref/limit_repeat.html
../data/boost/libs/preprocessor/doc/ref/limit_seq.html	https://www.boost.org/doc/libs/1_68_0/libs/preprocessor/doc/ref/limit_seq.html
../data/boost/libs/preprocessor/doc/ref/limit_slot_count.html	https://www.boost.org/doc/libs/1_68_0/libs/preprocessor/doc/ref/limit_slot_count.html
../data/boost/libs/preprocessor/doc/ref/limit_slot_sig.html	https://www.boost.org/doc/libs/1_68_0/libs/preprocessor/doc/ref/limit_slot_sig.html
../data/boost/libs/preprocessor/doc/ref/limit_tuple.html	https://www.boost.org/doc/libs/1_68_0/libs/preprocessor/doc/ref/limit_tuple.html
../data/boost/libs/preprocessor/doc/ref/limit_variadic.html	https://www.boost.org/doc/libs/1_68_0/libs/preprocessor/doc/ref/limit_variadic.html
../data/boost/libs/preprocessor/doc/ref/limit_while.html	https://www.boost.org/doc/libs/1_68_0/libs/preprocessor/doc/ref/limit_while.html
../data/boost/libs/preprocessor/doc/ref/line.html	https://www.boost.org/doc/libs/1_68_0/libs/preprocessor/doc/ref/line.html
../data/boost/libs/preprocessor/doc/ref/list_append.html	https://www.boost.org/doc/libs/1_68_0/libs/preprocessor/doc/ref/list_append.html
../data/boost/libs/preprocessor/doc/ref/list_append_d.html	https://www.boost.org/doc/libs/1_68_0/libs/preprocessor/doc/ref/list_append_d.html
../data/boost/libs/preprocessor/doc/ref/list_at.html	https://www.boost.org/doc/libs/1_68_0/libs/preprocessor/doc/ref/list_at.html
../data/boost/libs/preprocessor/doc/ref/list_at_d.html	https://www.boost.org/doc/libs/1_68_0/libs/preprocessor/doc/ref/list_at_d.html
../data/boost/libs/preprocessor/doc/ref/list_cat.html	https://www.boost.org/doc/libs/1_68_0/libs/preprocessor/doc/ref/list_cat.html
../data/boost/libs/preprocessor/doc/ref/list_cat_d.html	https://www.boost.org/doc/libs/1_68_0/libs/preprocessor/doc/ref/list_cat_d.html
../data/boost/libs/preprocessor/doc/ref/list_cons.html	https://www.boost.org/doc/libs/1_68_0/libs/preprocessor/doc/ref/list_cons.html
../data/boost/libs/preprocessor/doc/ref/list_enum.html	https://www.boost.org/doc/libs/1_68_0/libs/preprocessor/doc/ref/list_enum.html
../data/boost/libs/preprocessor/doc/ref/list_enum_r.html	https://www.boost.org/doc/libs/1_68_0/libs/preprocessor/doc/ref/list_enum_r.html
../data/boost/libs/preprocessor/doc/ref/list_filter.html	https://www.boost.org/doc/libs/1_68_0/libs/preprocessor/doc/ref/list_filter.html
../data/boost/libs/preprocessor/doc/ref/list_filter_d.html	https://www.boost.org/doc/libs/1_68_0/libs/preprocessor/doc/ref/list_filter_d.html
../data/boost/libs/preprocessor/doc/ref/lparen.html	https://www.boost.org/doc/libs/1_68_0/libs/preprocessor/doc/ref/lparen.html
../data/boost/libs/preprocessor/doc/ref/list_first.html	https://www.boost.org/doc/libs/1_68_0/libs/preprocessor/doc/ref/list_first.html
../data/boost/libs/preprocessor/doc/ref/list_first_n.html	https://www.boost.org/doc/libs/1_68_0/libs/preprocessor/doc/ref/list_first_n.html
../data/boost/libs/preprocessor/doc/ref/list_first_n_d.html	https://www.boost.org/doc/libs/1_68_0/libs/preprocessor/doc/ref/list_first_n_d.html
../data/boost/libs/preprocessor/doc/ref/list_fold_left.html	https://www.boost.org/doc/libs/1_68_0/libs/preprocessor/doc/ref/list_fold_left.html
../data/boost/libs/preprocessor/doc/ref/list_fold_left_2nd.html	https://www.boost.org/doc/libs/1_68_0/libs/preprocessor/doc/ref/list_fold_left_2nd.html
../data/boost/libs/preprocessor/doc/ref/list_fold_left_2nd_d.html	https://www.boost.org/doc/libs/1_68_0/libs/preprocessor/doc/ref/list_fold_left_2nd_d.html
../data/boost/libs/preprocessor/doc/ref/list_fold_left_d.html	https://www.boost.org/doc/libs/1_68_0/libs/preprocessor/doc/ref/list_fold_left_d.html
../data/boost/libs/preprocessor/doc/ref/list_fold_left_d_old.html	https://www.boost.org/doc/libs/1_68_0/libs/preprocessor/doc/ref/list_fold_left_d_old.html
../data/boost/libs/preprocessor/doc/ref/list_fold_right.html	https://www.boost.org/doc/libs/1_68_0/libs/preprocessor/doc/ref/list_fold_right.html
../data/boost/libs/preprocessor/doc/ref/list_fold_right_2nd.html	https://www.boost.org/doc/libs/1_68_0/libs/preprocessor/doc/ref/list_fold_right_2nd.html
../data/boost/libs/preprocessor/doc/ref/list_fold_right_2nd_d.html	https://www.boost.org/doc/libs/1_68_0/libs/preprocessor/doc/ref/list_fold_right_2nd_d.html
../data/boost/libs/preprocessor/doc/ref/list_fold_right_d.html	https://www.boost.org/doc/libs/1_68_0/libs/preprocessor/doc/ref/list_fold_right_d.html
../data/boost/libs/preprocessor/doc/ref/list_fold_right_d_old.html	https://www.boost.org/doc/libs/1_68_0/libs/preprocessor/doc/ref/list_fold_right_d_old.html
../data/boost/libs/preprocessor/doc/ref/list_for_each.html	https://www.boost.org/doc/libs/1_68_0/libs/preprocessor/doc/ref/list_for_each.html
../data/boost/libs/preprocessor/doc/ref/list_for_each_i.html	https://www.boost.org/doc/libs/1_68_0/libs/preprocessor/doc/ref/list_for_each_i.html
../data/boost/libs/preprocessor/doc/ref/list_for_each_i_r.html	https://www.boost.org/doc/libs/1_68_0/libs/preprocessor/doc/ref/list_for_each_i_r.html
../data/boost/libs/preprocessor/doc/ref/list_for_each_product.html	https://www.boost.org/doc/libs/1_68_0/libs/preprocessor/doc/ref/list_for_each_product.html
../data/boost/libs/preprocessor/doc/ref/list_for_each_product_r.html	https://www.boost.org/doc/libs/1_68_0/libs/preprocessor/doc/ref/list_for_each_product_r.html
../data/boost/libs/preprocessor/doc/ref/list_for_each_r.html	https://www.boost.org/doc/libs/1_68_0/libs/preprocessor/doc/ref/list_for_each_r.html
../data/boost/libs/preprocessor/doc/ref/list_is_cons.html	https://www.boost.org/doc/libs/1_68_0/libs/preprocessor/doc/ref/list_is_cons.html
../data/boost/libs/preprocessor/doc/ref/list_is_nil.html	https://www.boost.org/doc/libs/1_68_0/libs/preprocessor/doc/ref/list_is_nil.html
../data/boost/libs/preprocessor/doc/ref/list_nil.html	https://www.boost.org/doc/libs/1_68_0/libs/preprocessor/doc/ref/list_nil.html
../data/boost/libs/preprocessor/doc/ref/list_rest.html	https://www.boost.org/doc/libs/1_68_0/libs/preprocessor/doc/ref/list_rest.html
../data/boost/libs/preprocessor/doc/ref/list_rest_n.html	https://www.boost.org/doc/libs/1_68_0/libs/preprocessor/doc/ref/list_rest_n.html
../data/boost/libs/preprocessor/doc/ref/list_rest_n_d.html	https://www.boost.org/doc/libs/1_68_0/libs/preprocessor/doc/ref/list_rest_n_d.html
../data/boost/libs/preprocessor/doc/ref/list_reverse.html	https://www.boost.org/doc/libs/1_68_0/libs/preprocessor/doc/ref/list_reverse.html
../data/boost/libs/preprocessor/doc/ref/list_reverse_d.html	https://www.boost.org/doc/libs/1_68_0/libs/preprocessor/doc/ref/list_reverse_d.html
../data/boost/libs/preprocessor/doc/ref/list_size.html	https://www.boost.org/doc/libs/1_68_0/libs/preprocessor/doc/ref/list_size.html
../data/boost/libs/preprocessor/doc/ref/list_size_d.html	https://www.boost.org/doc/libs/1_68_0/libs/preprocessor/doc/ref/list_size_d.html
../data/boost/libs/preprocessor/doc/ref/list_to_tuple.html	https://www.boost.org/doc/libs/1_68_0/libs/preprocessor/doc/ref/list_to_tuple.html
../data/boost/libs/preprocessor/doc/ref/list_to_tuple_r.html	https://www.boost.org/doc/libs/1_68_0/libs/preprocessor/doc/ref/list_to_tuple_r.html
../data/boost/libs/preprocessor/doc/ref/list_transform.html	https://www.boost.org/doc/libs/1_68_0/libs/preprocessor/doc/ref/list_transform.html
../data/boost/libs/preprocessor/doc/ref/list_transform_d.html	https://www.boost.org/doc/libs/1_68_0/libs/preprocessor/doc/ref/list_transform_d.html
../data/boost/libs/preprocessor/doc/ref/local_iterate.html	https://www.boost.org/doc/libs/1_68_0/libs/preprocessor/doc/ref/local_iterate.html
../data/boost/libs/preprocessor/doc/ref/local_limits.html	https://www.boost.org/doc/libs/1_68_0/libs/preprocessor/doc/ref/local_limits.html
../data/boost/libs/preprocessor/doc/ref/local_macro.html	https://www.boost.org/doc/libs/1_68_0/libs/preprocessor/doc/ref/local_macro.html
../data/boost/libs/preprocessor/doc/ref/lparen_if.html	https://www.boost.org/doc/libs/1_68_0/libs/preprocessor/doc/ref/lparen_if.html
../data/boost/libs/preprocessor/doc/ref/max.html	https://www.boost.org/doc/libs/1_68_0/libs/preprocessor/doc/ref/max.html
../data/boost/libs/preprocessor/doc/ref/max_d.html	https://www.boost.org/doc/libs/1_68_0/libs/preprocessor/doc/ref/max_d.html
../data/boost/libs/preprocessor/doc/ref/min.html	https://www.boost.org/doc/libs/1_68_0/libs/preprocessor/doc/ref/min.html
../data/boost/libs/preprocessor/doc/ref/min_d.html	https://www.boost.org/doc/libs/1_68_0/libs/preprocessor/doc/ref/min_d.html
../data/boost/libs/preprocessor/doc/ref/mod.html	https://www.boost.org/doc/libs/1_68_0/libs/preprocessor/doc/ref/mod.html
../data/boost/libs/preprocessor/doc/ref/mod_d.html	https://www.boost.org/doc/libs/1_68_0/libs/preprocessor/doc/ref/mod_d.html
../data/boost/libs/preprocessor/doc/ref/mul.html	https://www.boost.org/doc/libs/1_68_0/libs/preprocessor/doc/ref/mul.html
../data/boost/libs/preprocessor/doc/ref/mul_d.html	https://www.boost.org/doc/libs/1_68_0/libs/preprocessor/doc/ref/mul_d.html
../data/boost/libs/preprocessor/doc/ref/nil.html	https://www.boost.org/doc/libs/1_68_0/libs/preprocessor/doc/ref/nil.html
../data/boost/libs/preprocessor/doc/ref/nor.html	https://www.boost.org/doc/libs/1_68_0/libs/preprocessor/doc/ref/nor.html
../data/boost/libs/preprocessor/doc/ref/not.html	https://www.boost.org/doc/libs/1_68_0/libs/preprocessor/doc/ref/not.html
../data/boost/libs/preprocessor/doc/ref/not_equal.html	https://www.boost.org/doc/libs/1_68_0/libs/preprocessor/doc/ref/not_equal.html
../data/boost/libs/preprocessor/doc/ref/not_equal_d.html	https://www.boost.org/doc/libs/1_68_0/libs/preprocessor/doc/ref/not_equal_d.html
../data/boost/libs/preprocessor/doc/ref/or.html	https://www.boost.org/doc/libs/1_68_0/libs/preprocessor/doc/ref/or.html
../data/boost/libs/preprocessor/doc/ref/overload.html	https://www.boost.org/doc/libs/1_68_0/libs/preprocessor/doc/ref/overload.html
../data/boost/libs/preprocessor/doc/ref/relative_finish.html	https://www.boost.org/doc/libs/1_68_0/libs/preprocessor/doc/ref/relative_finish.html
../data/boost/libs/preprocessor/doc/ref/relative_flags.html	https://www.boost.org/doc/libs/1_68_0/libs/preprocessor/doc/ref/relative_flags.html
../data/boost/libs/preprocessor/doc/ref/relative_iteration.html	https://www.boost.org/doc/libs/1_68_0/libs/preprocessor/doc/ref/relative_iteration.html
../data/boost/libs/preprocessor/doc/ref/relative_start.html	https://www.boost.org/doc/libs/1_68_0/libs/preprocessor/doc/ref/relative_start.html
../data/boost/libs/preprocessor/doc/ref/remove_parens.html	https://www.boost.org/doc/libs/1_68_0/libs/preprocessor/doc/ref/remove_parens.html
../data/boost/libs/preprocessor/doc/ref/repeat.html	https://www.boost.org/doc/libs/1_68_0/libs/preprocessor/doc/ref/repeat.html
../data/boost/libs/preprocessor/doc/ref/repeat_1st.html	https://www.boost.org/doc/libs/1_68_0/libs/preprocessor/doc/ref/repeat_1st.html
../data/boost/libs/preprocessor/doc/ref/repeat_2nd.html	https://www.boost.org/doc/libs/1_68_0/libs/preprocessor/doc/ref/repeat_2nd.html
../data/boost/libs/preprocessor/doc/ref/repeat_3rd.html	https://www.boost.org/doc/libs/1_68_0/libs/preprocessor/doc/ref/repeat_3rd.html
../data/boost/libs/preprocessor/doc/ref/repeat_from_to.html	https://www.boost.org/doc/libs/1_68_0/libs/preprocessor/doc/ref/repeat_from_to.html
../data/boost/libs/preprocessor/doc/ref/repeat_from_to_1st.html	https://www.boost.org/doc/libs/1_68_0/libs/preprocessor/doc/ref/repeat_from_to_1st.html
../data/boost/libs/preprocessor/doc/ref/repeat_from_to_2nd.html	https://www.boost.org/doc/libs/1_68_0/libs/preprocessor/doc/ref/repeat_from_to_2nd.html
../data/boost/libs/preprocessor/doc/ref/repeat_from_to_3rd.html	https://www.boost.org/doc/libs/1_68_0/libs/preprocessor/doc/ref/repeat_from_to_3rd.html
../data/boost/libs/preprocessor/doc/ref/repeat_from_to_d.html	https://www.boost.org/doc/libs/1_68_0/libs/preprocessor/doc/ref/repeat_from_to_d.html
../data/boost/libs/preprocessor/doc/ref/repeat_from_to_d_z.html	https://www.boost.org/doc/libs/1_68_0/libs/preprocessor/doc/ref/repeat_from_to_d_z.html
../data/boost/libs/preprocessor/doc/ref/repeat_from_to_z.html	https://www.boost.org/doc/libs/1_68_0/libs/preprocessor/doc/ref/repeat_from_to_z.html
../data/boost/libs/preprocessor/doc/ref/repeat_z.html	https://www.boost.org/doc/libs/1_68_0/libs/preprocessor/doc/ref/repeat_z.html
../data/boost/libs/preprocessor/doc/ref/repeat_z_macros.html	https://www.boost.org/doc/libs/1_68_0/libs/preprocessor/doc/ref/repeat_z_macros.html
../data/boost/libs/preprocessor/doc/ref/rparen.html	https://www.boost.org/doc/libs/1_68_0/libs/preprocessor/doc/ref/rparen.html
../data/boost/libs/preprocessor/doc/ref/rparen_if.html	https://www.boost.org/doc/libs/1_68_0/libs/preprocessor/doc/ref/rparen_if.html
../data/boost/libs/preprocessor/doc/ref/seq_cat.html	https://www.boost.org/doc/libs/1_68_0/libs/preprocessor/doc/ref/seq_cat.html
../data/boost/libs/preprocessor/doc/ref/seq_cat_s.html	https://www.boost.org/doc/libs/1_68_0/libs/preprocessor/doc/ref/seq_cat_s.html
../data/boost/libs/preprocessor/doc/ref/seq_elem.html	https://www.boost.org/doc/libs/1_68_0/libs/preprocessor/doc/ref/seq_elem.html
../data/boost/libs/preprocessor/doc/ref/seq_enum.html	https://www.boost.org/doc/libs/1_68_0/libs/preprocessor/doc/ref/seq_enum.html
../data/boost/libs/preprocessor/doc/ref/seq_filter.html	https://www.boost.org/doc/libs/1_68_0/libs/preprocessor/doc/ref/seq_filter.html
../data/boost/libs/preprocessor/doc/ref/seq_filter_s.html	https://www.boost.org/doc/libs/1_68_0/libs/preprocessor/doc/ref/seq_filter_s.html
../data/boost/libs/preprocessor/doc/ref/seq_first_n.html	https://www.boost.org/doc/libs/1_68_0/libs/preprocessor/doc/ref/seq_first_n.html
../data/boost/libs/preprocessor/doc/ref/seq_fold_left.html	https://www.boost.org/doc/libs/1_68_0/libs/preprocessor/doc/ref/seq_fold_left.html
../data/boost/libs/preprocessor/doc/ref/seq_fold_left_s.html	https://www.boost.org/doc/libs/1_68_0/libs/preprocessor/doc/ref/seq_fold_left_s.html
../data/boost/libs/preprocessor/doc/ref/seq_fold_right.html	https://www.boost.org/doc/libs/1_68_0/libs/preprocessor/doc/ref/seq_fold_right.html
../data/boost/libs/preprocessor/doc/ref/seq_fold_right_s.html	https://www.boost.org/doc/libs/1_68_0/libs/preprocessor/doc/ref/seq_fold_right_s.html
../data/boost/libs/preprocessor/doc/ref/seq_for_each.html	https://www.boost.org/doc/libs/1_68_0/libs/preprocessor/doc/ref/seq_for_each.html
../data/boost/libs/preprocessor/doc/ref/seq_for_each_i.html	https://www.boost.org/doc/libs/1_68_0/libs/preprocessor/doc/ref/seq_for_each_i.html
../data/boost/libs/preprocessor/doc/ref/seq_for_each_i_r.html	https://www.boost.org/doc/libs/1_68_0/libs/preprocessor/doc/ref/seq_for_each_i_r.html
../data/boost/libs/preprocessor/doc/ref/seq_for_each_product.html	https://www.boost.org/doc/libs/1_68_0/libs/preprocessor/doc/ref/seq_for_each_product.html
../data/boost/libs/preprocessor/doc/ref/seq_for_each_product_r.html	https://www.boost.org/doc/libs/1_68_0/libs/preprocessor/doc/ref/seq_for_each_product_r.html
../data/boost/libs/preprocessor/doc/ref/seq_for_each_r.html	https://www.boost.org/doc/libs/1_68_0/libs/preprocessor/doc/ref/seq_for_each_r.html
../data/boost/libs/preprocessor/doc/ref/seq_head.html	https://www.boost.org/doc/libs/1_68_0/libs/preprocessor/doc/ref/seq_head.html
../data/boost/libs/preprocessor/doc/ref/seq_insert.html	https://www.boost.org/doc/libs/1_68_0/libs/preprocessor/doc/ref/seq_insert.html
../data/boost/libs/preprocessor/doc/ref/seq_nil.html	https://www.boost.org/doc/libs/1_68_0/libs/preprocessor/doc/ref/seq_nil.html
../data/boost/libs/preprocessor/doc/ref/seq_pop_back.html	https://www.boost.org/doc/libs/1_68_0/libs/preprocessor/doc/ref/seq_pop_back.html
../data/boost/libs/preprocessor/doc/ref/seq_pop_front.html	https://www.boost.org/doc/libs/1_68_0/libs/preprocessor/doc/ref/seq_pop_front.html
../data/boost/libs/preprocessor/doc/ref/seq_push_back.html	https://www.boost.org/doc/libs/1_68_0/libs/preprocessor/doc/ref/seq_push_back.html
../data/boost/libs/preprocessor/doc/ref/seq_push_front.html	https://www.boost.org/doc/libs/1_68_0/libs/preprocessor/doc/ref/seq_push_front.html
../data/boost/libs/preprocessor/doc/ref/seq_remove.html	https://www.boost.org/doc/libs/1_68_0/libs/preprocessor/doc/ref/seq_remove.html
../data/boost/libs/preprocessor/doc/ref/seq_replace.html	https://www.boost.org/doc/libs/1_68_0/libs/preprocessor/doc/ref/seq_replace.html
../data/boost/libs/preprocessor/doc/ref/seq_rest_n.html	https://www.boost.org/doc/libs/1_68_0/libs/preprocessor/doc/ref/seq_rest_n.html
../data/boost/libs/preprocessor/doc/ref/seq_reverse.html	https://www.boost.org/doc/libs/1_68_0/libs/preprocessor/doc/ref/seq_reverse.html
../data/boost/libs/preprocessor/doc/ref/seq_reverse_s.html	https://www.boost.org/doc/libs/1_68_0/libs/preprocessor/doc/ref/seq_reverse_s.html
../data/boost/libs/preprocessor/doc/ref/seq_size.html	https://www.boost.org/doc/libs/1_68_0/libs/preprocessor/doc/ref/seq_size.html
../data/boost/libs/preprocessor/doc/ref/seq_subseq.html	https://www.boost.org/doc/libs/1_68_0/libs/preprocessor/doc/ref/seq_subseq.html
../data/boost/libs/preprocessor/doc/ref/seq_tail.html	https://www.boost.org/doc/libs/1_68_0/libs/preprocessor/doc/ref/seq_tail.html
../data/boost/libs/preprocessor/doc/ref/seq_to_array.html	https://www.boost.org/doc/libs/1_68_0/libs/preprocessor/doc/ref/seq_to_array.html
../data/boost/libs/preprocessor/doc/ref/seq_to_list.html	https://www.boost.org/doc/libs/1_68_0/libs/preprocessor/doc/ref/seq_to_list.html
../data/boost/libs/preprocessor/doc/ref/seq_to_tuple.html	https://www.boost.org/doc/libs/1_68_0/libs/preprocessor/doc/ref/seq_to_tuple.html
../data/boost/libs/preprocessor/doc/ref/seq_transform.html	https://www.boost.org/doc/libs/1_68_0/libs/preprocessor/doc/ref/seq_transform.html
../data/boost/libs/preprocessor/doc/ref/seq_transform_s.html	https://www.boost.org/doc/libs/1_68_0/libs/preprocessor/doc/ref/seq_transform_s.html
../data/boost/libs/preprocessor/doc/ref/slot.html	https://www.boost.org/doc/libs/1_68_0/libs/preprocessor/doc/ref/slot.html
../data/boost/libs/preprocessor/doc/ref/stringize.html	https://www.boost.org/doc/libs/1_68_0/libs/preprocessor/doc/ref/stringize.html
../data/boost/libs/preprocessor/doc/ref/sub.html	https://www.boost.org/doc/libs/1_68_0/libs/preprocessor/doc/ref/sub.html
../data/boost/libs/preprocessor/doc/ref/sub_d.html	https://www.boost.org/doc/libs/1_68_0/libs/preprocessor/doc/ref/sub_d.html
../data/boost/libs/preprocessor/doc/ref/tuple_eat.html	https://www.boost.org/doc/libs/1_68_0/libs/preprocessor/doc/ref/tuple_eat.html
../data/boost/libs/preprocessor/doc/ref/tuple_elem.html	https://www.boost.org/doc/libs/1_68_0/libs/preprocessor/doc/ref/tuple_elem.html
../data/boost/libs/preprocessor/doc/ref/tuple_enum.html	https://www.boost.org/doc/libs/1_68_0/libs/preprocessor/doc/ref/tuple_enum.html
../data/boost/libs/preprocessor/doc/ref/tuple_insert.html	https://www.boost.org/doc/libs/1_68_0/libs/preprocessor/doc/ref/tuple_insert.html
../data/boost/libs/preprocessor/doc/ref/tuple_insert_d.html	https://www.boost.org/doc/libs/1_68_0/libs/preprocessor/doc/ref/tuple_insert_d.html
../data/boost/libs/preprocessor/doc/ref/tuple_pop_back.html	https://www.boost.org/doc/libs/1_68_0/libs/preprocessor/doc/ref/tuple_pop_back.html
../data/boost/libs/preprocessor/doc/ref/tuple_pop_back_z.html	https://www.boost.org/doc/libs/1_68_0/libs/preprocessor/doc/ref/tuple_pop_back_z.html
../data/boost/libs/preprocessor/doc/ref/value.html	https://www.boost.org/doc/libs/1_68_0/libs/preprocessor/doc/ref/value.html
../data/boost/libs/preprocessor/doc/ref/tuple_pop_front.html	https://www.boost.org/doc/libs/1_68_0/libs/preprocessor/doc/ref/tuple_pop_front.html
../data/boost/libs/preprocessor/doc/ref/tuple_pop_front_z.html	https://www.boost.org/doc/libs/1_68_0/libs/preprocessor/doc/ref/tuple_pop_front_z.html
../data/boost/libs/preprocessor/doc/ref/tuple_push_back.html	https://www.boost.org/doc/libs/1_68_0/libs/preprocessor/doc/ref/tuple_push_back.html
../data/boost/libs/preprocessor/doc/ref/tuple_push_front.html	https://www.boost.org/doc/libs/1_68_0/libs/preprocessor/doc/ref/tuple_push_front.html
../data/boost/libs/preprocessor/doc/ref/tuple_rem.html	https://www.boost.org/doc/libs/1_68_0/libs/preprocessor/doc/ref/tuple_rem.html
../data/boost/libs/preprocessor/doc/ref/tuple_rem_ctor.html	https://www.boost.org/doc/libs/1_68_0/libs/preprocessor/doc/ref/tuple_rem_ctor.html
../data/boost/libs/preprocessor/doc/ref/tuple_remove.html	https://www.boost.org/doc/libs/1_68_0/libs/preprocessor/doc/ref/tuple_remove.html
../data/boost/libs/preprocessor/doc/ref/tuple_remove_d.html	https://www.boost.org/doc/libs/1_68_0/libs/preprocessor/doc/ref/tuple_remove_d.html
../data/boost/libs/preprocessor/doc/ref/tuple_replace.html	https://www.boost.org/doc/libs/1_68_0/libs/preprocessor/doc/ref/tuple_replace.html
../data/boost/libs/preprocessor/doc/ref/tuple_replace_d.html	https://www.boost.org/doc/libs/1_68_0/libs/preprocessor/doc/ref/tuple_replace_d.html
../data/boost/libs/preprocessor/doc/ref/tuple_reverse.html	https://www.boost.org/doc/libs/1_68_0/libs/preprocessor/doc/ref/tuple_reverse.html
../data/boost/libs/preprocessor/doc/ref/tuple_size.html	https://www.boost.org/doc/libs/1_68_0/libs/preprocessor/doc/ref/tuple_size.html
../data/boost/libs/preprocessor/doc/ref/tuple_to_array.html	https://www.boost.org/doc/libs/1_68_0/libs/preprocessor/doc/ref/tuple_to_array.html
../data/boost/libs/preprocessor/doc/ref/tuple_to_list.html	https://www.boost.org/doc/libs/1_68_0/libs/preprocessor/doc/ref/tuple_to_list.html
../data/boost/libs/preprocessor/doc/ref/tuple_to_seq.html	https://www.boost.org/doc/libs/1_68_0/libs/preprocessor/doc/ref/tuple_to_seq.html
../data/boost/libs/preprocessor/doc/ref/update_counter.html	https://www.boost.org/doc/libs/1_68_0/libs/preprocessor/doc/ref/update_counter.html
../data/boost/libs/preprocessor/doc/ref/variadic_elem.html	https://www.boost.org/doc/libs/1_68_0/libs/preprocessor/doc/ref/variadic_elem.html
../data/boost/libs/preprocessor/doc/ref/variadic_size.html	https://www.boost.org/doc/libs/1_68_0/libs/preprocessor/doc/ref/variadic_size.html
../data/boost/libs/preprocessor/doc/ref/variadic_to_array.html	https://www.boost.org/doc/libs/1_68_0/libs/preprocessor/doc/ref/variadic_to_array.html
../data/boost/libs/preprocessor/doc/ref/variadic_to_list.html	https://www.boost.org/doc/libs/1_68_0/libs/preprocessor/doc/ref/variadic_to_list.html
../data/boost/libs/preprocessor/doc/ref/variadic_to_seq.html	https://www.boost.org/doc/libs/1_68_0/libs/preprocessor/doc/ref/variadic_to_seq.html
../data/boost/libs/preprocessor/doc/ref/variadic_to_tuple.html	https://www.boost.org/doc/libs/1_68_0/libs/preprocessor/doc/ref/variadic_to_tuple.html
../data/boost/libs/preprocessor/doc/ref/variadics.html	https://www.boost.org/doc/libs/1_68_0/libs/preprocessor/doc/ref/variadics.html
../data/boost/libs/preprocessor/doc/ref/while.html	https://www.boost.org/doc/libs/1_68_0/libs/preprocessor/doc/ref/while.html
../data/boost/libs/preprocessor/doc/ref/while_d.html	https://www.boost.org/doc/libs/1_68_0/libs/preprocessor/doc/ref/while_d.html
../data/boost/libs/preprocessor/doc/ref/while_d_macros.html	https://www.boost.org/doc/libs/1_68_0/libs/preprocessor/doc/ref/while_d_macros.html
../data/boost/libs/preprocessor/doc/ref/wstringize.html	https://www.boost.org/doc/libs/1_68_0/libs/preprocessor/doc/ref/wstringize.html
../data/boost/libs/preprocessor/doc/ref/xor.html	https://www.boost.org/doc/libs/1_68_0/libs/preprocessor/doc/ref/xor.html
../data/boost/libs/preprocessor/doc/terms/evaluated.html	https://www.boost.org/doc/libs/1_68_0/libs/preprocessor/doc/terms/evaluated.html
../data/boost/libs/preprocessor/doc/terms/named_external.html	https://www.boost.org/doc/libs/1_68_0/libs/preprocessor/doc/terms/named_external.html
../data/boost/libs/preprocessor/doc/topics/evaluated_slots.html	https://www.boost.org/doc/libs/1_68_0/libs/preprocessor/doc/topics/evaluated_slots.html
../data/boost/libs/preprocessor/doc/topics/file_iteration.html	https://www.boost.org/doc/libs/1_68_0/libs/preprocessor/doc/topics/file_iteration.html
../data/boost/libs/preprocessor/doc/topics/incompatible.html	https://www.boost.org/doc/libs/1_68_0/libs/preprocessor/doc/topics/incompatible.html
../data/boost/libs/preprocessor/doc/topics/local_iteration.html	https://www.boost.org/doc/libs/1_68_0/libs/preprocessor/doc/topics/local_iteration.html
../data/boost/libs/preprocessor/doc/topics/motivation.html	https://www.boost.org/doc/libs/1_68_0/libs/preprocessor/doc/topics/motivation.html
../data/boost/libs/preprocessor/doc/topics/problems.html	https://www.boost.org/doc/libs/1_68_0/libs/preprocessor/doc/topics/problems.html
../data/boost/libs/preprocessor/doc/topics/reentrancy.html	https://www.boost.org/doc/libs/1_68_0/libs/preprocessor/doc/topics/reentrancy.html
../data/boost/libs/preprocessor/doc/topics/techniques.html	https://www.boost.org/doc/libs/1_68_0/libs/preprocessor/doc/topics/techniques.html
../data/boost/libs/preprocessor/doc/topics/variadic_macros.html	https://www.boost.org/doc/libs/1_68_0/libs/preprocessor/doc/topics/variadic_macros.html
../data/boost/libs/uuid/doc/index.html	https://www.boost.org/doc/libs/1_68_0/libs/uuid/doc/index.html
../data/boost/libs/uuid/doc/uuid.html	https://www.boost.org/doc/libs/1_68_0/libs/uuid/doc/uuid.html
../data/boost/libs/assign/index.html	https://www.boost.org/doc/libs/1_68_0/libs/assign/index.html
../data/boost/libs/assign/doc/index.html	https://www.boost.org/doc/libs/1_68_0/libs/assign/doc/index.html
../data/boost/libs/wave/doc/token_ids.html	https://www.boost.org/doc/libs/1_68_0/libs/wave/doc/token_ids.html
../data/boost/libs/iostreams/doc/acknowledgments.html	https://www.boost.org/doc/libs/1_68_0/libs/iostreams/doc/acknowledgments.html
../data/boost/libs/iostreams/doc/installation.html	https://www.boost.org/doc/libs/1_68_0/libs/iostreams/doc/installation.html
../data/boost/libs/iostreams/doc/classes/code_converter.html	https://www.boost.org/doc/libs/1_68_0/libs/iostreams/doc/classes/code_converter.html
../data/boost/libs/iostreams/doc/functions/invert.html	https://www.boost.org/doc/libs/1_68_0/libs/iostreams/doc/functions/invert.html
../data/boost/libs/utility/checked_delete.html	https://www.boost.org/doc/libs/1_68_0/libs/utility/checked_delete.html
../data/boost/libs/utility/enable_if.html	https://www.boost.org/doc/libs/1_68_0/libs/utility/enable_if.html
../data/boost/libs/utility/in_place_factories.html	https://www.boost.org/doc/libs/1_68_0/libs/utility/in_place_factories.html
../data/boost/libs/utility/throw_exception.html	https://www.boost.org/doc/libs/1_68_0/libs/utility/throw_exception.html
../data/boost/libs/system/doc/index.html	https://www.boost.org/doc/libs/1_68_0/libs/system/doc/index.html
../data/boost/libs/system/doc/reference.html	https://www.boost.org/doc/libs/1_68_0/libs/system/doc/reference.html
../data/boost/libs/msm/index.html	https://www.boost.org/doc/libs/1_68_0/libs/msm/index.html
../data/boost/libs/spirit/classic/change_log.html	https://www.boost.org/doc/libs/1_68_0/libs/spirit/classic/change_log.html
../data/boost/libs/spirit/classic/doc/dynamic_parsers.html	https://www.boost.org/doc/libs/1_68_0/libs/spirit/classic/doc/dynamic_parsers.html
../data/boost/libs/spirit/classic/doc/functional.html	https://www.boost.org/doc/libs/1_68_0/libs/spirit/classic/doc/functional.html
../data/boost/libs/spirit/classic/doc/primitives.html	https://www.boost.org/doc/libs/1_68_0/libs/spirit/classic/doc/primitives.html
../data/boost/libs/spirit/classic/phoenix/doc/preface.html	https://www.boost.org/doc/libs/1_68_0/libs/spirit/classic/phoenix/doc/preface.html
../data/boost/libs/spirit/classic/phoenix/doc/references.html	https://www.boost.org/doc/libs/1_68_0/libs/spirit/classic/phoenix/doc/references.html
../data/boost/libs/multi_array/doc/iterator_categories.html	https://www.boost.org/doc/libs/1_68_0/libs/multi_array/doc/iterator_categories.html
../data/boost/libs/multi_array/doc/reference.html	https://www.boost.org/doc/libs/1_68_0/libs/multi_array/doc/reference.html
../data/boost/libs/endian/doc/fp_concerns.html	https://www.boost.org/doc/libs/1_68_0/libs/endian/doc/fp_concerns.html
../data/boost/libs/multi_index/doc/performance.html	https://www.boost.org/doc/libs/1_68_0/libs/multi_index/doc/performance.html
../data/boost/libs/multi_index/doc/reference/indices.html	https://www.boost.org/doc/libs/1_68_0/libs/multi_index/doc/reference/indices.html
../data/boost/libs/timer/doc/cpu_timers.html	https://www.boost.org/doc/libs/1_68_0/libs/timer/doc/cpu_timers.html
../data/boost/libs/timer/doc/index.html	https://www.boost.org/doc/libs/1_68_0/libs/timer/doc/index.html
../data/boost/libs/timer/doc/original_timer.html	https://www.boost.org/doc/libs/1_68_0/libs/timer/doc/original_timer.html
../data/boost/libs/io/doc/quoted_manip.html	https://www.boost.org/doc/libs/1_68_0/libs/io/doc/quoted_manip.html
../data/boost/libs/dynamic_bitset/index.html	https://www.boost.org/doc/libs/1_68_0/libs/dynamic_bitset/index.html
../data/boost/tools/index.html	https://www.boost.org/doc/libs/1_68_0/tools/index.html
../data/boost/tools/inspect/index.html	https://www.boost.org/doc/libs/1_68_0/tools/inspect/index.html
